<?xml version="1.0" encoding="UTF-8"?>
<!-- Generated by org.testng.reporters.JUnitReportReporter -->
<testsuite hostname="WTC-5176144-L2" name="com.demo.api3.controller.GetCallBDD" tests="1" failures="0" timestamp="23 Dec 2019 20:21:09 GMT" time="4.054" errors="0">
  <testcase name="getdata" time="4.054" classname="com.demo.api3.controller.GetCallBDD"/>
</testsuite> <!-- com.demo.api3.controller.GetCallBDD -->
